#
# There is insufficient memory for the Java Runtime Environment to continue.
# Native memory allocation (malloc) failed to allocate 229376 bytes for Chunk::new
# Possible reasons:
#   The system is out of physical RAM or swap space
#   The process is running with CompressedOops enabled, and the Java Heap may be blocking the growth of the native heap
# Possible solutions:
#   Reduce memory load on the system
#   Increase physical memory or swap space
#   Check if swap backing store is full
#   Decrease Java heap size (-Xmx/-Xms)
#   Decrease number of Java threads
#   Decrease Java thread stack sizes (-Xss)
#   Set larger code cache with -XX:ReservedCodeCacheSize=
#   JVM is running with Unscaled Compressed Oops mode in which the Java heap is
#     placed in the first 4GB address space. The Java Heap base address is the
#     maximum limit for the native heap growth. Please use -XX:HeapBaseMinAddress
#     to set the Java Heap base and to place the Java Heap above 4GB virtual address.
# This output file may be truncated or incomplete.
#
#  Out of Memory Error (allocation.cpp:389), pid=19304, tid=0x0000000000004618
#
# JRE version: OpenJDK Runtime Environment (8.0_242-b01) (build 1.8.0_242-release-1644-b01)
# Java VM: OpenJDK 64-Bit Server VM (25.242-b01 mixed mode windows-amd64 compressed oops)
# Failed to write core dump. Minidumps are not enabled by default on client versions of Windows
#

---------------  T H R E A D  ---------------

Current thread (0x00000000171db000):  JavaThread "C2 CompilerThread1" daemon [_thread_in_native, id=17944, stack(0x0000000018940000,0x0000000018a40000)]

Stack: [0x0000000018940000,0x0000000018a40000]
[error occurred during error reporting (printing stack bounds), id 0xc0000005]

Native frames: (J=compiled Java code, j=interpreted, Vv=VM code, C=native code)


Current CompileTask:
C2: 201766 15999       4       sun.nio.fs.WindowsPath::startsWith (105 bytes)


---------------  P R O C E S S  ---------------

Java Threads: ( => current thread )
  0x00000000197f8800 JavaThread "Cache worker for execution history cache (C:\Users\ablay\OneDrive - La Salle\2nd year\Programming projects\2nd Semester\ProjectLaura\final_project\.gradle\6.5\executionHistory)" [_thread_blocked, id=13540, stack(0x0000000029f40000,0x000000002a040000)]
  0x000000001b820000 JavaThread "Execution worker for ':' Thread 3" [_thread_blocked, id=20832, stack(0x0000000029940000,0x0000000029a40000)]
  0x000000001b81f800 JavaThread "Execution worker for ':' Thread 2" [_thread_blocked, id=19228, stack(0x0000000029840000,0x0000000029940000)]
  0x000000001b81d000 JavaThread "Execution worker for ':'" [_thread_in_Java, id=20512, stack(0x0000000029740000,0x0000000029840000)]
  0x000000001b824000 JavaThread "Cache worker for file content cache (C:\Users\ablay\OneDrive - La Salle\2nd year\Programming projects\2nd Semester\ProjectLaura\final_project\.gradle\6.5\fileContent)" [_thread_blocked, id=20268, stack(0x0000000029430000,0x0000000029530000)]
  0x000000001b822800 JavaThread "Cache worker for Build Output Cleanup Cache (C:\Users\ablay\OneDrive - La Salle\2nd year\Programming projects\2nd Semester\ProjectLaura\final_project\.gradle\buildOutputCleanup)" [_thread_blocked, id=496, stack(0x0000000029330000,0x0000000029430000)]
  0x000000001b822000 JavaThread "Build operations Thread 4" [_thread_blocked, id=6648, stack(0x0000000022070000,0x0000000022170000)]
  0x000000001b823800 JavaThread "Build operations Thread 3" [_thread_in_vm, id=20880, stack(0x0000000021f70000,0x0000000022070000)]
  0x000000001b81e800 JavaThread "Build operations Thread 2" [_thread_blocked, id=7844, stack(0x0000000021e70000,0x0000000021f70000)]
  0x000000001b81a000 JavaThread "Build operations" [_thread_blocked, id=19168, stack(0x0000000021470000,0x0000000021570000)]
  0x000000001b81e000 JavaThread "Cache worker for cache directory md-rule (C:\Users\ablay\.gradle\caches\6.5\md-rule)" [_thread_blocked, id=14788, stack(0x000000001fa90000,0x000000001fb90000)]
  0x000000001b815800 JavaThread "Cache worker for cache directory md-supplier (C:\Users\ablay\.gradle\caches\6.5\md-supplier)" [_thread_blocked, id=10452, stack(0x000000001f990000,0x000000001fa90000)]
  0x000000001b819800 JavaThread "Cache worker for checksums cache (C:\Users\ablay\OneDrive - La Salle\2nd year\Programming projects\2nd Semester\ProjectLaura\final_project\.gradle\checksums)" [_thread_blocked, id=10444, stack(0x000000001f890000,0x000000001f990000)]
  0x000000001b81b800 JavaThread "Cache worker for file hash cache (C:\Users\ablay\OneDrive - La Salle\2nd year\Programming projects\2nd Semester\ProjectLaura\final_project\.gradle\6.5\fileHashes)" [_thread_blocked, id=17868, stack(0x000000001e360000,0x000000001e460000)]
  0x000000001b818800 JavaThread "Thread-248" [_thread_blocked, id=8928, stack(0x000000001ca90000,0x000000001cb90000)]
  0x000000001b818000 JavaThread "Stdin handler" [_thread_blocked, id=6636, stack(0x000000001c990000,0x000000001ca90000)]
  0x000000001b816800 JavaThread "Asynchronous log dispatcher for DefaultDaemonConnection: socket connection from /127.0.0.1:58069 to /127.0.0.1:58099" [_thread_blocked, id=18820, stack(0x000000001c890000,0x000000001c990000)]
  0x000000001b817000 JavaThread "Cancel handler" [_thread_blocked, id=13984, stack(0x000000001c690000,0x000000001c790000)]
  0x000000001b81b000 JavaThread "Handler for socket connection from /127.0.0.1:58069 to /127.0.0.1:58099" [_thread_in_native, id=16640, stack(0x0000000002200000,0x0000000002300000)]
  0x0000000020452000 JavaThread "jar transforms Thread 184" [_thread_blocked, id=14484, stack(0x0000000029230000,0x0000000029330000)]
  0x0000000020451800 JavaThread "jar transforms Thread 183" [_thread_blocked, id=9120, stack(0x0000000027df0000,0x0000000027ef0000)]
  0x0000000020453800 JavaThread "jar transforms Thread 182" [_thread_blocked, id=20760, stack(0x0000000027a70000,0x0000000027b70000)]
  0x000000002044d000 JavaThread "jar transforms Thread 181" [_thread_blocked, id=18016, stack(0x0000000027970000,0x0000000027a70000)]
  0x000000002044c000 JavaThread "jar transforms Thread 180" [_thread_blocked, id=14808, stack(0x0000000027870000,0x0000000027970000)]
  0x0000000020450800 JavaThread "jar transforms Thread 179" [_thread_blocked, id=11656, stack(0x0000000027770000,0x0000000027870000)]
  0x0000000020449000 JavaThread "jar transforms Thread 178" [_thread_blocked, id=4912, stack(0x0000000027670000,0x0000000027770000)]
  0x0000000020450000 JavaThread "jar transforms Thread 177" [_thread_blocked, id=11096, stack(0x0000000027570000,0x0000000027670000)]
  0x000000002044a000 JavaThread "jar transforms Thread 176" [_thread_blocked, id=17312, stack(0x0000000027470000,0x0000000027570000)]
  0x000000002044f000 JavaThread "jar transforms Thread 175" [_thread_blocked, id=9640, stack(0x0000000027370000,0x0000000027470000)]
  0x000000002044e800 JavaThread "jar transforms Thread 174" [_thread_blocked, id=17704, stack(0x0000000027270000,0x0000000027370000)]
  0x000000002044b800 JavaThread "jar transforms Thread 173" [_thread_blocked, id=17592, stack(0x0000000027170000,0x0000000027270000)]
  0x0000000020448800 JavaThread "jar transforms Thread 172" [_thread_blocked, id=14960, stack(0x0000000027070000,0x0000000027170000)]
  0x000000002044a800 JavaThread "jar transforms Thread 171" [_thread_blocked, id=18928, stack(0x0000000026f70000,0x0000000027070000)]
  0x00000000198d2800 JavaThread "jar transforms Thread 170" [_thread_blocked, id=17404, stack(0x0000000026e70000,0x0000000026f70000)]
  0x00000000198d8800 JavaThread "jar transforms Thread 169" [_thread_blocked, id=19308, stack(0x0000000026d70000,0x0000000026e70000)]
  0x00000000198d7800 JavaThread "jar transforms Thread 168" [_thread_blocked, id=20104, stack(0x0000000026c70000,0x0000000026d70000)]
  0x00000000198d7000 JavaThread "jar transforms Thread 167" [_thread_blocked, id=9036, stack(0x0000000026b70000,0x0000000026c70000)]
  0x00000000198d4800 JavaThread "jar transforms Thread 166" [_thread_blocked, id=13924, stack(0x0000000026a70000,0x0000000026b70000)]
  0x00000000198d3000 JavaThread "jar transforms Thread 165" [_thread_blocked, id=21188, stack(0x0000000026970000,0x0000000026a70000)]
  0x00000000198d4000 JavaThread "jar transforms Thread 164" [_thread_blocked, id=16328, stack(0x0000000026870000,0x0000000026970000)]
  0x00000000198d1800 JavaThread "jar transforms Thread 163" [_thread_blocked, id=14556, stack(0x0000000026770000,0x0000000026870000)]
  0x00000000198d6000 JavaThread "jar transforms Thread 162" [_thread_blocked, id=17164, stack(0x0000000026670000,0x0000000026770000)]
  0x00000000198d5800 JavaThread "jar transforms Thread 161" [_thread_blocked, id=12212, stack(0x0000000026570000,0x0000000026670000)]
  0x00000000198ca000 JavaThread "jar transforms Thread 160" [_thread_blocked, id=17356, stack(0x0000000026470000,0x0000000026570000)]
  0x00000000198d1000 JavaThread "jar transforms Thread 159" [_thread_blocked, id=16668, stack(0x0000000026370000,0x0000000026470000)]
  0x00000000198c9000 JavaThread "jar transforms Thread 158" [_thread_blocked, id=2696, stack(0x0000000026270000,0x0000000026370000)]
  0x00000000198ca800 JavaThread "jar transforms Thread 157" [_thread_blocked, id=22176, stack(0x0000000026170000,0x0000000026270000)]
  0x00000000198ce800 JavaThread "jar transforms Thread 156" [_thread_blocked, id=17420, stack(0x0000000026070000,0x0000000026170000)]
  0x00000000198cc000 JavaThread "jar transforms Thread 155" [_thread_blocked, id=10144, stack(0x0000000025f70000,0x0000000026070000)]
  0x00000000198cb800 JavaThread "jar transforms Thread 154" [_thread_blocked, id=17544, stack(0x0000000025e70000,0x0000000025f70000)]
  0x00000000198d0000 JavaThread "jar transforms Thread 153" [_thread_blocked, id=324, stack(0x0000000025d70000,0x0000000025e70000)]
  0x00000000198cd000 JavaThread "jar transforms Thread 152" [_thread_blocked, id=22788, stack(0x0000000025c70000,0x0000000025d70000)]
  0x00000000198cd800 JavaThread "jar transforms Thread 151" [_thread_blocked, id=23428, stack(0x0000000025b70000,0x0000000025c70000)]
  0x00000000198cf000 JavaThread "jar transforms Thread 150" [_thread_blocked, id=15388, stack(0x0000000025a70000,0x0000000025b70000)]
  0x000000001eb0d000 JavaThread "jar transforms Thread 149" [_thread_blocked, id=21004, stack(0x0000000025970000,0x0000000025a70000)]
  0x000000001eb0c800 JavaThread "jar transforms Thread 148" [_thread_blocked, id=20704, stack(0x0000000025870000,0x0000000025970000)]
  0x000000001eb0e000 JavaThread "jar transforms Thread 147" [_thread_blocked, id=23452, stack(0x0000000025770000,0x0000000025870000)]
  0x000000001eb05000 JavaThread "jar transforms Thread 146" [_thread_blocked, id=18208, stack(0x0000000025670000,0x0000000025770000)]
  0x000000001eb0a000 JavaThread "jar transforms Thread 145" [_thread_blocked, id=15868, stack(0x0000000025570000,0x0000000025670000)]
  0x000000001eb09800 JavaThread "jar transforms Thread 144" [_thread_blocked, id=14660, stack(0x0000000025470000,0x0000000025570000)]
  0x000000001eb08000 JavaThread "jar transforms Thread 143" [_thread_blocked, id=10492, stack(0x0000000025370000,0x0000000025470000)]
  0x000000001eb07000 JavaThread "jar transforms Thread 142" [_thread_blocked, id=21780, stack(0x0000000025270000,0x0000000025370000)]
  0x000000001eb0b800 JavaThread "jar transforms Thread 141" [_thread_blocked, id=14864, stack(0x0000000025170000,0x0000000025270000)]
  0x000000001eb05800 JavaThread "jar transforms Thread 140" [_thread_blocked, id=18420, stack(0x0000000025070000,0x0000000025170000)]
  0x000000001eb0b000 JavaThread "jar transforms Thread 139" [_thread_blocked, id=9820, stack(0x0000000024f70000,0x0000000025070000)]
  0x000000001eb06800 JavaThread "jar transforms Thread 138" [_thread_blocked, id=16008, stack(0x0000000024e70000,0x0000000024f70000)]
  0x000000001eb02000 JavaThread "jar transforms Thread 137" [_thread_blocked, id=5440, stack(0x0000000024d70000,0x0000000024e70000)]
  0x000000001eb08800 JavaThread "jar transforms Thread 136" [_thread_blocked, id=22596, stack(0x0000000024c70000,0x0000000024d70000)]
  0x000000001eaff000 JavaThread "jar transforms Thread 135" [_thread_blocked, id=21460, stack(0x0000000024b70000,0x0000000024c70000)]
  0x000000001eb00800 JavaThread "jar transforms Thread 134" [_thread_blocked, id=20564, stack(0x0000000024a70000,0x0000000024b70000)]
  0x000000001eb04000 JavaThread "jar transforms Thread 133" [_thread_blocked, id=14592, stack(0x0000000024970000,0x0000000024a70000)]
  0x000000001eb03800 JavaThread "jar transforms Thread 132" [_thread_blocked, id=15196, stack(0x0000000024870000,0x0000000024970000)]
  0x000000001eaff800 JavaThread "jar transforms Thread 131" [_thread_blocked, id=16376, stack(0x0000000024770000,0x0000000024870000)]
  0x000000001eb01000 JavaThread "jar transforms Thread 130" [_thread_blocked, id=2192, stack(0x0000000024670000,0x0000000024770000)]
  0x000000001eb02800 JavaThread "jar transforms Thread 129" [_thread_blocked, id=19232, stack(0x0000000024570000,0x0000000024670000)]
  0x000000001ae75000 JavaThread "jar transforms Thread 128" [_thread_blocked, id=19944, stack(0x0000000024470000,0x0000000024570000)]
  0x000000001ae72000 JavaThread "jar transforms Thread 127" [_thread_blocked, id=19920, stack(0x0000000024370000,0x0000000024470000)]
  0x000000001ae71000 JavaThread "jar transforms Thread 126" [_thread_blocked, id=4432, stack(0x0000000024270000,0x0000000024370000)]
  0x000000001ae6f800 JavaThread "jar transforms Thread 125" [_thread_blocked, id=5416, stack(0x0000000024170000,0x0000000024270000)]
  0x000000001ae6f000 JavaThread "jar transforms Thread 124" [_thread_blocked, id=19760, stack(0x0000000024070000,0x0000000024170000)]
  0x0000000019eea800 JavaThread "jar transforms Thread 123" [_thread_blocked, id=1636, stack(0x0000000023f70000,0x0000000024070000)]
  0x0000000019ee7800 JavaThread "jar transforms Thread 122" [_thread_blocked, id=7764, stack(0x0000000023e70000,0x0000000023f70000)]
  0x0000000019ee8800 JavaThread "jar transforms Thread 121" [_thread_blocked, id=1460, stack(0x0000000023d70000,0x0000000023e70000)]
  0x0000000019ee6000 JavaThread "jar transforms Thread 120" [_thread_blocked, id=18832, stack(0x0000000023c70000,0x0000000023d70000)]
  0x0000000019edd000 JavaThread "jar transforms Thread 119" [_thread_blocked, id=5544, stack(0x0000000023b70000,0x0000000023c70000)]
  0x0000000019ee3000 JavaThread "jar transforms Thread 118" [_thread_blocked, id=18156, stack(0x0000000023a70000,0x0000000023b70000)]
  0x0000000019ee1000 JavaThread "jar transforms Thread 117" [_thread_blocked, id=20944, stack(0x0000000023970000,0x0000000023a70000)]
  0x0000000019ede800 JavaThread "jar transforms Thread 116" [_thread_blocked, id=3532, stack(0x0000000023870000,0x0000000023970000)]
  0x0000000019ee1800 JavaThread "jar transforms Thread 115" [_thread_blocked, id=15692, stack(0x0000000023770000,0x0000000023870000)]
  0x000000001a229000 JavaThread "jar transforms Thread 114" [_thread_blocked, id=20916, stack(0x0000000023670000,0x0000000023770000)]
  0x000000001a228000 JavaThread "jar transforms Thread 113" [_thread_blocked, id=20192, stack(0x0000000023570000,0x0000000023670000)]
  0x000000001a227800 JavaThread "jar transforms Thread 112" [_thread_blocked, id=22012, stack(0x0000000023470000,0x0000000023570000)]
  0x000000001a224800 JavaThread "jar transforms Thread 111" [_thread_blocked, id=18904, stack(0x0000000023370000,0x0000000023470000)]
  0x000000001a226800 JavaThread "jar transforms Thread 110" [_thread_blocked, id=9516, stack(0x0000000023270000,0x0000000023370000)]
  0x000000001a226000 JavaThread "jar transforms Thread 109" [_thread_blocked, id=19792, stack(0x0000000023170000,0x0000000023270000)]
  0x000000001a225000 JavaThread "jar transforms Thread 108" [_thread_blocked, id=7576, stack(0x0000000023070000,0x0000000023170000)]
  0x000000001a223000 JavaThread "jar transforms Thread 107" [_thread_blocked, id=22504, stack(0x0000000022f70000,0x0000000023070000)]
  0x000000001a223800 JavaThread "jar transforms Thread 106" [_thread_blocked, id=3124, stack(0x0000000022e70000,0x0000000022f70000)]
  0x000000001a229800 JavaThread "jar transforms Thread 105" [_thread_blocked, id=3540, stack(0x0000000022d70000,0x0000000022e70000)]
  0x000000001a21b800 JavaThread "jar transforms Thread 104" [_thread_blocked, id=17036, stack(0x0000000022c70000,0x0000000022d70000)]
  0x000000001a222000 JavaThread "jar transforms Thread 103" [_thread_blocked, id=11524, stack(0x0000000022b70000,0x0000000022c70000)]
  0x000000001a21a800 JavaThread "jar transforms Thread 102" [_thread_blocked, id=17368, stack(0x0000000022a70000,0x0000000022b70000)]
  0x000000001a221800 JavaThread "jar transforms Thread 101" [_thread_blocked, id=4308, stack(0x0000000022970000,0x0000000022a70000)]
  0x000000001a220800 JavaThread "jar transforms Thread 100" [_thread_blocked, id=10160, stack(0x0000000022870000,0x0000000022970000)]
  0x000000001a220000 JavaThread "jar transforms Thread 99" [_thread_blocked, id=3904, stack(0x0000000022770000,0x0000000022870000)]
  0x000000001a21f000 JavaThread "jar transforms Thread 98" [_thread_blocked, id=6956, stack(0x0000000022670000,0x0000000022770000)]
  0x0000000019802800 JavaThread "jar transforms Thread 97" [_thread_blocked, id=7116, stack(0x0000000022570000,0x0000000022670000)]
  0x0000000019801800 JavaThread "jar transforms Thread 96" [_thread_blocked, id=14700, stack(0x0000000022470000,0x0000000022570000)]
  0x0000000019805800 JavaThread "jar transforms Thread 95" [_thread_blocked, id=11940, stack(0x0000000022370000,0x0000000022470000)]
  0x0000000019805000 JavaThread "jar transforms Thread 94" [_thread_blocked, id=19504, stack(0x0000000022270000,0x0000000022370000)]
  0x0000000019806800 JavaThread "jar transforms Thread 93" [_thread_blocked, id=11904, stack(0x0000000022170000,0x0000000022270000)]
  0x00000000197fb000 JavaThread "Daemon worker Thread 2" [_thread_blocked, id=16528, stack(0x000000001c790000,0x000000001c890000)]
  0x00000000197f7000 JavaThread "Daemon Thread 2" [_thread_blocked, id=23208, stack(0x0000000000960000,0x0000000000a60000)]
  0x0000000019ede000 JavaThread "Cache worker for Java compile cache (C:\Users\ablay\.gradle\caches\6.5\javaCompile)" [_thread_blocked, id=17928, stack(0x0000000029e40000,0x0000000029f40000)]
  0x0000000019803800 JavaThread "Memory manager" [_thread_blocked, id=1936, stack(0x00000000284f0000,0x00000000285f0000)]
  0x000000001ae73800 JavaThread "Cache worker for file content cache (C:\Users\ablay\.gradle\caches\6.5\fileContent)" [_thread_blocked, id=16364, stack(0x0000000021570000,0x0000000021670000)]
  0x000000001ae70800 JavaThread "Cache worker for execution history cache (C:\Users\ablay\.gradle\caches\6.5\executionHistory)" [_thread_blocked, id=14992, stack(0x000000001fb90000,0x000000001fc90000)]
  0x000000001ae72800 JavaThread "Cache worker for file hash cache (C:\Users\ablay\.gradle\caches\6.5\fileHashes)" [_thread_blocked, id=14364, stack(0x000000001e260000,0x000000001e360000)]
  0x000000001ae6e000 JavaThread "File lock request listener" [_thread_in_native, id=11160, stack(0x000000001d190000,0x000000001d290000)]
  0x000000001ac8a800 JavaThread "Cache worker for journal cache (C:\Users\ablay\.gradle\caches\journal-1)" [_thread_blocked, id=15568, stack(0x000000001cf90000,0x000000001d090000)]
  0x000000001ac91000 JavaThread "Daemon periodic checks" [_thread_blocked, id=19316, stack(0x000000001c390000,0x000000001c490000)]
  0x000000001ac23800 JavaThread "Incoming local TCP Connector on port 58069" [_thread_in_native, id=23504, stack(0x000000001c120000,0x000000001c220000)]
  0x000000001a5fe000 JavaThread "Daemon health stats" [_thread_blocked, id=20308, stack(0x000000001bae0000,0x000000001bbe0000)]
  0x000000001722d000 JavaThread "Service Thread" daemon [_thread_blocked, id=2892, stack(0x0000000018f40000,0x0000000019040000)]
  0x00000000171de800 JavaThread "C1 CompilerThread2" daemon [_thread_blocked, id=11640, stack(0x0000000018a40000,0x0000000018b40000)]
=>0x00000000171db000 JavaThread "C2 CompilerThread1" daemon [_thread_in_native, id=17944, stack(0x0000000018940000,0x0000000018a40000)]
  0x00000000171d6800 JavaThread "C2 CompilerThread0" daemon [_thread_in_native, id=11192, stack(0x0000000018840000,0x0000000018940000)]
  0x00000000171d5800 JavaThread "Attach Listener" daemon [_thread_blocked, id=18728, stack(0x0000000018740000,0x0000000018840000)]
  0x00000000171d4000 JavaThread "Signal Dispatcher" daemon [_thread_blocked, id=14376, stack(0x0000000018640000,0x0000000018740000)]
  0x00000000025ac000 JavaThread "Finalizer" daemon [_thread_blocked, id=17024, stack(0x0000000018420000,0x0000000018520000)]
  0x00000000171b9000 JavaThread "Reference Handler" daemon [_thread_blocked, id=22876, stack(0x0000000018320000,0x0000000018420000)]
  0x00000000024ae000 JavaThread "main" [_thread_blocked, id=13284, stack(0x0000000002390000,0x0000000002490000)]

Other Threads:
  0x0000000017196800 VMThread [stack: 0x0000000018220000,0x0000000018320000] [id=14232]
  0x000000001722d800 WatcherThread [stack: 0x0000000019040000,0x0000000019140000] [id=21296]

VM state:not at safepoint (normal execution)

VM Mutex/Monitor currently owned by a thread: None

heap address: 0x0000000080000000, size: 2048 MB, Compressed Oops mode: 32-bit
Narrow klass base: 0x0000000000000000, Narrow klass shift: 3
Compressed class space size: 1073741824 Address: 0x0000000100000000

Heap:
 PSYoungGen      total 374784K, used 232449K [0x00000000d5580000, 0x00000000efb00000, 0x0000000100000000)
  eden space 345600K, 67% used [0x00000000d5580000,0x00000000e38806d0,0x00000000ea700000)
  from space 29184K, 0% used [0x00000000ede80000,0x00000000ede80000,0x00000000efb00000)
  to   space 43008K, 0% used [0x00000000ea700000,0x00000000ea700000,0x00000000ed100000)
 ParOldGen       total 185344K, used 65641K [0x0000000080000000, 0x000000008b500000, 0x00000000d5580000)
  object space 185344K, 35% used [0x0000000080000000,0x000000008401a750,0x000000008b500000)
 Metaspace       used 91685K, capacity 96322K, committed 97240K, reserved 1132544K
  class space    used 12099K, capacity 12947K, committed 13312K, reserved 1048576K

Card table byte_map: [0x0000000011970000,0x0000000011d80000] byte_map_base: 0x0000000011570000

Marking Bits: (ParMarkBitMap*) 0x000000007532f030
 Begin Bits: [0x0000000012430000, 0x0000000014430000)
 End Bits:   [0x0000000014430000, 0x0000000016430000)

Polling page: 0x0000000000830000

CodeCache: size=245760Kb used=43245Kb max_used=43245Kb free=202514Kb
 bounds [0x00000000025b0000, 0x0000000005020000, 0x00000000115b0000]
 total_blobs=14072 nmethods=13201 adapters=781
 compilation: enabled

Compilation events (10 events):
Event: 201.700 Thread 0x00000000171de800 15997   !   3       java.io.BufferedReader::readLine (304 bytes)
Event: 201.702 Thread 0x00000000171de800 nmethod 15997 0x0000000005009550 code [0x00000000050097e0, 0x000000000500af28]
Event: 201.705 Thread 0x00000000171db000 nmethod 15981 0x0000000005016a10 code [0x0000000005016c00, 0x0000000005017790]
Event: 201.705 Thread 0x00000000171db000 15994       4       org.gradle.internal.fingerprint.impl.AbsolutePathFingerprintingStrategy$1::visitFile (72 bytes)
Event: 201.720 Thread 0x00000000171db000 nmethod 15994 0x00000000050188d0 code [0x0000000005018a80, 0x0000000005019178]
Event: 201.727 Thread 0x00000000171db000 15998       4       java.util.Collections::binarySearch (43 bytes)
Event: 201.747 Thread 0x00000000171de800 16002       1       org.gradle.internal.classloader.ClassLoaderVisitor::visitClassPath (1 bytes)
Event: 201.747 Thread 0x00000000171de800 nmethod 16002 0x0000000005001150 code [0x00000000050012a0, 0x00000000050013b0]
Event: 201.757 Thread 0x00000000171db000 nmethod 15998 0x0000000005014c90 code [0x0000000005014ea0, 0x0000000005015af8]
Event: 201.757 Thread 0x00000000171db000 15999       4       sun.nio.fs.WindowsPath::startsWith (105 bytes)

GC Heap History (10 events):
Event: 16.986 GC heap before
{Heap before GC invocations=16 (full 3):
 PSYoungGen      total 239104K, used 219648K [0x00000000d5580000, 0x00000000e5d00000, 0x0000000100000000)
  eden space 219648K, 100% used [0x00000000d5580000,0x00000000e2c00000,0x00000000e2c00000)
  from space 19456K, 0% used [0x00000000e3f80000,0x00000000e3f80000,0x00000000e5280000)
  to   space 19968K, 0% used [0x00000000e2c00000,0x00000000e2c00000,0x00000000e3f80000)
 ParOldGen       total 110592K, used 29683K [0x0000000080000000, 0x0000000086c00000, 0x00000000d5580000)
  object space 110592K, 26% used [0x0000000080000000,0x0000000081cfcf90,0x0000000086c00000)
 Metaspace       used 68027K, capacity 71098K, committed 71384K, reserved 1110016K
  class space    used 9353K, capacity 9937K, committed 9984K, reserved 1048576K
Event: 17.026 GC heap after
Heap after GC invocations=16 (full 3):
 PSYoungGen      total 239616K, used 19964K [0x00000000d5580000, 0x00000000e9700000, 0x0000000100000000)
  eden space 219648K, 0% used [0x00000000d5580000,0x00000000d5580000,0x00000000e2c00000)
  from space 19968K, 99% used [0x00000000e2c00000,0x00000000e3f7f2f0,0x00000000e3f80000)
  to   space 24064K, 0% used [0x00000000e7f80000,0x00000000e7f80000,0x00000000e9700000)
 ParOldGen       total 110592K, used 32306K [0x0000000080000000, 0x0000000086c00000, 0x00000000d5580000)
  object space 110592K, 29% used [0x0000000080000000,0x0000000081f8caf8,0x0000000086c00000)
 Metaspace       used 68027K, capacity 71098K, committed 71384K, reserved 1110016K
  class space    used 9353K, capacity 9937K, committed 9984K, reserved 1048576K
}
Event: 19.552 GC heap before
{Heap before GC invocations=17 (full 3):
 PSYoungGen      total 239616K, used 239612K [0x00000000d5580000, 0x00000000e9700000, 0x0000000100000000)
  eden space 219648K, 100% used [0x00000000d5580000,0x00000000e2c00000,0x00000000e2c00000)
  from space 19968K, 99% used [0x00000000e2c00000,0x00000000e3f7f2f0,0x00000000e3f80000)
  to   space 24064K, 0% used [0x00000000e7f80000,0x00000000e7f80000,0x00000000e9700000)
 ParOldGen       total 110592K, used 32306K [0x0000000080000000, 0x0000000086c00000, 0x00000000d5580000)
  object space 110592K, 29% used [0x0000000080000000,0x0000000081f8caf8,0x0000000086c00000)
 Metaspace       used 71644K, capacity 74826K, committed 75096K, reserved 1114112K
  class space    used 9745K, capacity 10339K, committed 10368K, reserved 1048576K
Event: 19.595 GC heap after
Heap after GC invocations=17 (full 3):
 PSYoungGen      total 301568K, used 23232K [0x00000000d5580000, 0x00000000e9a80000, 0x0000000100000000)
  eden space 277504K, 0% used [0x00000000d5580000,0x00000000d5580000,0x00000000e6480000)
  from space 24064K, 96% used [0x00000000e7f80000,0x00000000e9630368,0x00000000e9700000)
  to   space 27648K, 0% used [0x00000000e6480000,0x00000000e6480000,0x00000000e7f80000)
 ParOldGen       total 110592K, used 48370K [0x0000000080000000, 0x0000000086c00000, 0x00000000d5580000)
  object space 110592K, 43% used [0x0000000080000000,0x0000000082f3cb30,0x0000000086c00000)
 Metaspace       used 71644K, capacity 74826K, committed 75096K, reserved 1114112K
  class space    used 9745K, capacity 10339K, committed 10368K, reserved 1048576K
}
Event: 24.803 GC heap before
{Heap before GC invocations=18 (full 3):
 PSYoungGen      total 301568K, used 300650K [0x00000000d5580000, 0x00000000e9a80000, 0x0000000100000000)
  eden space 277504K, 99% used [0x00000000d5580000,0x00000000e646a790,0x00000000e6480000)
  from space 24064K, 96% used [0x00000000e7f80000,0x00000000e9630368,0x00000000e9700000)
  to   space 27648K, 0% used [0x00000000e6480000,0x00000000e6480000,0x00000000e7f80000)
 ParOldGen       total 110592K, used 48370K [0x0000000080000000, 0x0000000086c00000, 0x00000000d5580000)
  object space 110592K, 43% used [0x0000000080000000,0x0000000082f3cb30,0x0000000086c00000)
 Metaspace       used 82365K, capacity 87358K, committed 87512K, reserved 1124352K
  class space    used 11328K, capacity 12249K, committed 12288K, reserved 1048576K
Event: 25.057 GC heap after
Heap after GC invocations=18 (full 3):
 PSYoungGen      total 305152K, used 27618K [0x00000000d5580000, 0x00000000f0a80000, 0x0000000100000000)
  eden space 277504K, 0% used [0x00000000d5580000,0x00000000d5580000,0x00000000e6480000)
  from space 27648K, 99% used [0x00000000e6480000,0x00000000e7f788a8,0x00000000e7f80000)
  to   space 45056K, 0% used [0x00000000ede80000,0x00000000ede80000,0x00000000f0a80000)
 ParOldGen       total 110592K, used 83204K [0x0000000080000000, 0x0000000086c00000, 0x00000000d5580000)
  object space 110592K, 75% used [0x0000000080000000,0x0000000085141320,0x0000000086c00000)
 Metaspace       used 82365K, capacity 87358K, committed 87512K, reserved 1124352K
  class space    used 11328K, capacity 12249K, committed 12288K, reserved 1048576K
}
Event: 185.594 GC heap before
{Heap before GC invocations=19 (full 3):
 PSYoungGen      total 305152K, used 305122K [0x00000000d5580000, 0x00000000f0a80000, 0x0000000100000000)
  eden space 277504K, 100% used [0x00000000d5580000,0x00000000e6480000,0x00000000e6480000)
  from space 27648K, 99% used [0x00000000e6480000,0x00000000e7f788a8,0x00000000e7f80000)
  to   space 45056K, 0% used [0x00000000ede80000,0x00000000ede80000,0x00000000f0a80000)
 ParOldGen       total 110592K, used 83204K [0x0000000080000000, 0x0000000086c00000, 0x00000000d5580000)
  object space 110592K, 75% used [0x0000000080000000,0x0000000085141320,0x0000000086c00000)
 Metaspace       used 89799K, capacity 94932K, committed 95192K, reserved 1132544K
  class space    used 12065K, capacity 13010K, committed 13056K, reserved 1048576K
Event: 185.692 GC heap after
Heap after GC invocations=19 (full 3):
 PSYoungGen      total 374784K, used 19187K [0x00000000d5580000, 0x00000000efb00000, 0x0000000100000000)
  eden space 345600K, 0% used [0x00000000d5580000,0x00000000d5580000,0x00000000ea700000)
  from space 29184K, 65% used [0x00000000ede80000,0x00000000ef13cd70,0x00000000efb00000)
  to   space 43008K, 0% used [0x00000000ea700000,0x00000000ea700000,0x00000000ed100000)
 ParOldGen       total 110592K, used 101554K [0x0000000080000000, 0x0000000086c00000, 0x00000000d5580000)
  object space 110592K, 91% used [0x0000000080000000,0x000000008632c8a8,0x0000000086c00000)
 Metaspace       used 89799K, capacity 94932K, committed 95192K, reserved 1132544K
  class space    used 12065K, capacity 13010K, committed 13056K, reserved 1048576K
}
Event: 185.692 GC heap before
{Heap before GC invocations=20 (full 4):
 PSYoungGen      total 374784K, used 19187K [0x00000000d5580000, 0x00000000efb00000, 0x0000000100000000)
  eden space 345600K, 0% used [0x00000000d5580000,0x00000000d5580000,0x00000000ea700000)
  from space 29184K, 65% used [0x00000000ede80000,0x00000000ef13cd70,0x00000000efb00000)
  to   space 43008K, 0% used [0x00000000ea700000,0x00000000ea700000,0x00000000ed100000)
 ParOldGen       total 110592K, used 101554K [0x0000000080000000, 0x0000000086c00000, 0x00000000d5580000)
  object space 110592K, 91% used [0x0000000080000000,0x000000008632c8a8,0x0000000086c00000)
 Metaspace       used 89799K, capacity 94932K, committed 95192K, reserved 1132544K
  class space    used 12065K, capacity 13010K, committed 13056K, reserved 1048576K
Event: 185.947 GC heap after
Heap after GC invocations=20 (full 4):
 PSYoungGen      total 374784K, used 0K [0x00000000d5580000, 0x00000000efb00000, 0x0000000100000000)
  eden space 345600K, 0% used [0x00000000d5580000,0x00000000d5580000,0x00000000ea700000)
  from space 29184K, 0% used [0x00000000ede80000,0x00000000ede80000,0x00000000efb00000)
  to   space 43008K, 0% used [0x00000000ea700000,0x00000000ea700000,0x00000000ed100000)
 ParOldGen       total 185344K, used 65641K [0x0000000080000000, 0x000000008b500000, 0x00000000d5580000)
  object space 185344K, 35% used [0x0000000080000000,0x000000008401a750,0x000000008b500000)
 Metaspace       used 89229K, capacity 93542K, committed 95192K, reserved 1132544K
  class space    used 11865K, capacity 12655K, committed 13056K, reserved 1048576K
}

Deoptimization events (10 events):
Event: 193.294 Thread 0x00000000197fb000 Uncommon trap: reason=class_check action=maybe_recompile pc=0x0000000002727294 method=java.lang.String.equals(Ljava/lang/Object;)Z @ 8
Event: 193.319 Thread 0x00000000197fb000 Uncommon trap: reason=bimorphic action=maybe_recompile pc=0x0000000004656c08 method=com.google.common.cache.LocalCache$Segment.get(Ljava/lang/Object;I)Ljava/lang/Object; @ 44
Event: 193.327 Thread 0x00000000197fb000 Uncommon trap: reason=bimorphic action=maybe_recompile pc=0x0000000004656c08 method=com.google.common.cache.LocalCache$Segment.get(Ljava/lang/Object;I)Ljava/lang/Object; @ 44
Event: 193.646 Thread 0x00000000197fb000 Uncommon trap: reason=bimorphic action=maybe_recompile pc=0x00000000031bb3a8 method=java.util.HashMap.removeNode(ILjava/lang/Object;Ljava/lang/Object;ZZ)Ljava/util/HashMap$Node; @ 68
Event: 193.757 Thread 0x00000000197fe800 Uncommon trap: reason=unstable_if action=reinterpret pc=0x0000000003e26a1c method=com.esotericsoftware.kryo.io.Input.require(I)I @ 180
Event: 200.903 Thread 0x000000001b818000 Uncommon trap: reason=class_check action=maybe_recompile pc=0x0000000004a7dc48 method=org.gradle.internal.operations.logging.LoggingBuildOperationProgressBroadcaster.onOutput(Lorg/gradle/internal/logging/events/OutputEvent;)V @ 8
Event: 200.921 Thread 0x00000000197fb000 Uncommon trap: reason=unstable_if action=reinterpret pc=0x0000000004b3e448 method=org.gradle.tooling.internal.provider.runner.SubtreeFilteringBuildOperationListener.started(Lorg/gradle/internal/operations/BuildOperationDescriptor;Lorg/gradle/internal/oper
Event: 201.365 Thread 0x00000000197fb000 Uncommon trap: reason=array_check action=maybe_recompile pc=0x0000000003e36138 method=com.google.common.collect.ImmutableSet.construct(I[Ljava/lang/Object;)Lcom/google/common/collect/ImmutableSet; @ 122
Event: 201.370 Thread 0x00000000197fb000 Uncommon trap: reason=class_check action=maybe_recompile pc=0x000000000454b2a0 method=java.util.Spliterators$ArraySpliterator.tryAdvance(Ljava/util/function/Consumer;)Z @ 49
Event: 201.421 Thread 0x00000000197fb000 Uncommon trap: reason=class_check action=maybe_recompile pc=0x000000000454b2a0 method=java.util.Spliterators$ArraySpliterator.tryAdvance(Ljava/util/function/Consumer;)Z @ 49

Classes redefined (0 events):
No events

Internal exceptions (10 events):
Event: 193.718 Thread 0x00000000197f7000 Exception <a 'java/lang/NoSuchMethodError': <clinit>> (0x00000000e0c46f10) thrown at [C:\src\AOSP-openjdk-git\hotspot\src\share\vm\prims\jni.cpp, line 1615]
Event: 193.720 Thread 0x00000000197f7000 Exception <a 'java/lang/NoSuchMethodError': <clinit>> (0x00000000e0c56898) thrown at [C:\src\AOSP-openjdk-git\hotspot\src\share\vm\prims\jni.cpp, line 1615]
Event: 193.724 Thread 0x00000000197f7000 Exception <a 'java/lang/NoSuchMethodError': <clinit>> (0x00000000e0c58d48) thrown at [C:\src\AOSP-openjdk-git\hotspot\src\share\vm\prims\jni.cpp, line 1615]
Event: 193.727 Thread 0x00000000197f7000 Exception <a 'java/lang/NoSuchMethodError': <clinit>> (0x00000000e0c68eb8) thrown at [C:\src\AOSP-openjdk-git\hotspot\src\share\vm\prims\jni.cpp, line 1615]
Event: 193.728 Thread 0x00000000197f7000 Exception <a 'java/lang/NoSuchMethodError': <clinit>> (0x00000000e0c74268) thrown at [C:\src\AOSP-openjdk-git\hotspot\src\share\vm\prims\jni.cpp, line 1615]
Event: 193.738 Thread 0x00000000197f7000 Exception <a 'java/lang/NoSuchMethodError': <clinit>> (0x00000000e0c871f8) thrown at [C:\src\AOSP-openjdk-git\hotspot\src\share\vm\prims\jni.cpp, line 1615]
Event: 193.745 Thread 0x00000000197f7000 Exception <a 'java/lang/NoSuchMethodError': <clinit>> (0x00000000e0ca0a68) thrown at [C:\src\AOSP-openjdk-git\hotspot\src\share\vm\prims\jni.cpp, line 1615]
Event: 193.746 Thread 0x00000000197f7000 Exception <a 'java/lang/NoSuchMethodError': <clinit>> (0x00000000e0cb1620) thrown at [C:\src\AOSP-openjdk-git\hotspot\src\share\vm\prims\jni.cpp, line 1615]
Event: 200.921 Thread 0x00000000197fb000 Implicit null exception at 0x0000000004b3d9fe to 0x0000000004b3e425
Event: 201.379 Thread 0x00000000197fb000 Exception <a 'sun/nio/fs/WindowsException'> (0x00000000e25ef068) thrown at [C:\src\AOSP-openjdk-git\hotspot\src\share\vm\prims\jni.cpp, line 710]

Events (10 events):
Event: 201.536 Thread 0x00000000171de800 flushing nmethod 0x0000000004e8d210
Event: 201.536 Thread 0x00000000171de800 flushing nmethod 0x0000000004ea3510
Event: 201.597 Executing VM operation: RevokeBias
Event: 201.597 Executing VM operation: RevokeBias done
Event: 201.597 Executing VM operation: RevokeBias
Event: 201.598 Executing VM operation: RevokeBias done
Event: 201.598 Executing VM operation: RevokeBias
Event: 201.598 Executing VM operation: RevokeBias done
Event: 201.749 loading class sun/nio/cs/UTF_8$1
Event: 201.751 loading class sun/nio/cs/UTF_8$1 done


Dynamic libraries:
0x00007ff780a00000 - 0x00007ff780a31000 	C:\Program Files\Android\Android Studio1\jre\bin\java.exe
0x00007ffb80570000 - 0x00007ffb80765000 	C:\WINDOWS\SYSTEM32\ntdll.dll
0x00007ffb7f360000 - 0x00007ffb7f41d000 	C:\WINDOWS\System32\KERNEL32.DLL
0x00007ffb7df90000 - 0x00007ffb7e258000 	C:\WINDOWS\System32\KERNELBASE.dll
0x00007ffb7f4f0000 - 0x00007ffb7f59c000 	C:\WINDOWS\System32\ADVAPI32.dll
0x00007ffb7fca0000 - 0x00007ffb7fd3e000 	C:\WINDOWS\System32\msvcrt.dll
0x00007ffb7fd40000 - 0x00007ffb7fddb000 	C:\WINDOWS\System32\sechost.dll
0x00007ffb7fa70000 - 0x00007ffb7fb9b000 	C:\WINDOWS\System32\RPCRT4.dll
0x00007ffb7ec10000 - 0x00007ffb7edb0000 	C:\WINDOWS\System32\USER32.dll
0x00007ffb7e570000 - 0x00007ffb7e592000 	C:\WINDOWS\System32\win32u.dll
0x00007ffb7f600000 - 0x00007ffb7f62a000 	C:\WINDOWS\System32\GDI32.dll
0x00007ffb7e260000 - 0x00007ffb7e36b000 	C:\WINDOWS\System32\gdi32full.dll
0x00007ffb7de70000 - 0x00007ffb7df0d000 	C:\WINDOWS\System32\msvcp_win.dll
0x00007ffb7e370000 - 0x00007ffb7e470000 	C:\WINDOWS\System32\ucrtbase.dll
0x00007ffb63370000 - 0x00007ffb6360a000 	C:\WINDOWS\WinSxS\amd64_microsoft.windows.common-controls_6595b64144ccf1df_6.0.19041.844_none_ca00b6081b84eb1d\COMCTL32.dll
0x00007ffb7ebc0000 - 0x00007ffb7ebf0000 	C:\WINDOWS\System32\IMM32.DLL
0x00000000749a0000 - 0x0000000074a72000 	C:\Program Files\Android\Android Studio1\jre\jre\bin\msvcr100.dll
0x0000000074b60000 - 0x00000000753ab000 	C:\Program Files\Android\Android Studio1\jre\jre\bin\server\jvm.dll
0x00007ffb7f1a0000 - 0x00007ffb7f1a8000 	C:\WINDOWS\System32\PSAPI.DLL
0x00007ffb63010000 - 0x00007ffb63019000 	C:\WINDOWS\SYSTEM32\WSOCK32.dll
0x00007ffb7fba0000 - 0x00007ffb7fc0b000 	C:\WINDOWS\System32\WS2_32.dll
0x00007ffb6a150000 - 0x00007ffb6a177000 	C:\WINDOWS\SYSTEM32\WINMM.dll
0x00007ffb66f50000 - 0x00007ffb66f5a000 	C:\WINDOWS\SYSTEM32\VERSION.dll
0x00007ffb78690000 - 0x00007ffb7869f000 	C:\Program Files\Android\Android Studio1\jre\jre\bin\verify.dll
0x00007ffb58cc0000 - 0x00007ffb58ce9000 	C:\Program Files\Android\Android Studio1\jre\jre\bin\java.dll
0x00007ffb58420000 - 0x00007ffb58436000 	C:\Program Files\Android\Android Studio1\jre\jre\bin\zip.dll
0x00007ffb7fde0000 - 0x00007ffb80522000 	C:\WINDOWS\System32\SHELL32.dll
0x00007ffb7bdd0000 - 0x00007ffb7c561000 	C:\WINDOWS\SYSTEM32\windows.storage.dll
0x00007ffb7f630000 - 0x00007ffb7f985000 	C:\WINDOWS\System32\combase.dll
0x00007ffb7d650000 - 0x00007ffb7d67c000 	C:\WINDOWS\SYSTEM32\Wldp.dll
0x00007ffb7eaa0000 - 0x00007ffb7eb4e000 	C:\WINDOWS\System32\SHCORE.dll
0x00007ffb7ea40000 - 0x00007ffb7ea95000 	C:\WINDOWS\System32\shlwapi.dll
0x00007ffb7dbf0000 - 0x00007ffb7dc0f000 	C:\WINDOWS\SYSTEM32\profapi.dll
0x00007ffb57360000 - 0x00007ffb5737a000 	C:\Program Files\Android\Android Studio1\jre\jre\bin\net.dll
0x00007ffb7d3c0000 - 0x00007ffb7d42a000 	C:\WINDOWS\system32\mswsock.dll
0x00007ffb571c0000 - 0x00007ffb571d3000 	C:\Program Files\Android\Android Studio1\jre\jre\bin\nio.dll
0x00007ffb77110000 - 0x00007ffb77137000 	C:\Users\ablay\.gradle\native\f6784746aeab05261644944871eae4fe03e0ef1612fff0a4a95f87b438bc6780\windows-amd64\native-platform.dll
0x00007ffb78490000 - 0x00007ffb7849d000 	C:\Program Files\Android\Android Studio1\jre\jre\bin\management.dll
0x00007ffb7d590000 - 0x00007ffb7d5a8000 	C:\WINDOWS\SYSTEM32\CRYPTSP.dll
0x00007ffb7cd60000 - 0x00007ffb7cd94000 	C:\WINDOWS\system32\rsaenh.dll
0x00007ffb7e5a0000 - 0x00007ffb7e5c7000 	C:\WINDOWS\System32\bcrypt.dll
0x00007ffb7dbb0000 - 0x00007ffb7dbde000 	C:\WINDOWS\SYSTEM32\USERENV.dll
0x00007ffb7df10000 - 0x00007ffb7df90000 	C:\WINDOWS\System32\bcryptprimitives.dll
0x00007ffb7d5b0000 - 0x00007ffb7d5bc000 	C:\WINDOWS\SYSTEM32\CRYPTBASE.dll
0x00007ffb7d0b0000 - 0x00007ffb7d0eb000 	C:\WINDOWS\SYSTEM32\IPHLPAPI.DLL
0x00007ffb7edb0000 - 0x00007ffb7edb8000 	C:\WINDOWS\System32\NSI.dll
0x00007ffb75610000 - 0x00007ffb75627000 	C:\WINDOWS\SYSTEM32\dhcpcsvc6.DLL
0x00007ffb75b90000 - 0x00007ffb75bad000 	C:\WINDOWS\SYSTEM32\dhcpcsvc.DLL
0x00007ffb7d0f0000 - 0x00007ffb7d1bc000 	C:\WINDOWS\SYSTEM32\DNSAPI.dll
0x00007ffb76780000 - 0x00007ffb7678b000 	C:\WINDOWS\SYSTEM32\WINNSI.DLL

VM Arguments:
jvm_args: -Xmx2048m -Dfile.encoding=UTF-8 -Duser.country=ES -Duser.language=es -Duser.variant 
java_command: org.gradle.launcher.daemon.bootstrap.GradleDaemon 6.5
java_class_path (initial): C:\Users\ablay\.gradle\wrapper\dists\gradle-6.5-bin\6nifqtx7604sqp1q6g8wikw7p\gradle-6.5\lib\gradle-launcher-6.5.jar
Launcher Type: SUN_STANDARD

Environment Variables:
PATH=C:\Program Files (x86)\Common Files\Oracle\Java\javapath;C:\WINDOWS\system32;C:\WINDOWS;C:\WINDOWS\System32\Wbem;C:\WINDOWS\System32\WindowsPowerShell\v1.0\;C:\WINDOWS\System32\OpenSSH\;C:\Program Files\Intel\WiFi\bin\;C:\Program Files\Common Files\Intel\WirelessCommon\;C:\Program Files\PuTTY\;C:\Program Files\MATLAB\R2019b\bin;C:\Program Files (x86)\Nordic Semiconductor\nrf5x\bin\;C:\Program Files\Git\cmd;C:\Program Files\Microchip\xc8\v2.32\bin;C:\Program Files\MySQL\MySQL Shell 8.0\bin\;C:\Wincupl\WINCUPL\EXE;C:\Wincupl\WINCUPL\FITTERS
USERNAME=ablay
OS=Windows_NT
PROCESSOR_IDENTIFIER=Intel64 Family 6 Model 142 Stepping 9, GenuineIntel



---------------  S Y S T E M  ---------------

OS: Windows 10.0 , 64 bit Build 19041 (10.0.19041.928)

CPU:total 4 (initial active 4) (2 cores per cpu, 2 threads per core) family 6 model 142 stepping 9, cmov, cx8, fxsr, mmx, sse, sse2, sse3, ssse3, sse4.1, sse4.2, popcnt, avx, avx2, aes, clmul, erms, 3dnowpref, lzcnt, ht, tsc, tscinvbit, bmi1, bmi2, adx

Memory: 4k page, physical 8193548k(386660k free), swap 16385548k(4128k free)

vm_info: OpenJDK 64-Bit Server VM (25.242-b01) for windows-amd64 JRE (1.8.0_242-release-1644-b01), built by "builder" with MS VC++ 10.0 (VS2010)

time: Mon Apr 26 11:10:52 2021
timezone: Hora de verano romance
elapsed time: 201 seconds (0d 0h 3m 21s)

